<?xml version="1.0" encoding="UTF-8"?>
<testng-results ignored="0" total="1" passed="1" failed="0" skipped="0">
  <reporter-output>
  </reporter-output>
  <suite started-at="2023-03-02T15:17:57 IST" name="Default suite" finished-at="2023-03-02T15:19:00 IST" duration-ms="63323">
    <groups>
    </groups>
    <test started-at="2023-03-02T15:17:57 IST" name="Default test" finished-at="2023-03-02T15:19:00 IST" duration-ms="63323">
      <class name="Testcase.TC_HomePage">
        <test-method is-config="true" signature="initiDriver()[pri:0, instance:Testcase.TC_HomePage@b9b00e0]" started-at="2023-03-02T15:17:57 IST" name="initiDriver" finished-at="2023-03-02T15:18:10 IST" duration-ms="13854" status="PASS">
          <reporter-output>
          </reporter-output>
        </test-method> <!-- initiDriver -->
        <test-method is-config="true" signature="objectrepo()[pri:0, instance:Testcase.TC_HomePage@b9b00e0]" started-at="2023-03-02T15:18:10 IST" name="objectrepo" finished-at="2023-03-02T15:18:11 IST" duration-ms="88" status="PASS">
          <reporter-output>
          </reporter-output>
        </test-method> <!-- objectrepo -->
        <test-method signature="HomePageNavigation()[pri:0, instance:Testcase.TC_HomePage@b9b00e0]" started-at="2023-03-02T15:18:11 IST" name="HomePageNavigation" finished-at="2023-03-02T15:18:59 IST" duration-ms="48834" status="PASS">
          <reporter-output>
          </reporter-output>
        </test-method> <!-- HomePageNavigation -->
        <test-method is-config="true" signature="closeDriver()[pri:0, instance:Testcase.TC_HomePage@b9b00e0]" started-at="2023-03-02T15:18:59 IST" name="closeDriver" finished-at="2023-03-02T15:19:00 IST" duration-ms="447" status="PASS">
          <reporter-output>
          </reporter-output>
        </test-method> <!-- closeDriver -->
      </class> <!-- Testcase.TC_HomePage -->
    </test> <!-- Default test -->
  </suite> <!-- Default suite -->
</testng-results>
